2019-04-03'T'12:06:00 - Warning –Partners – Timeout – APPA - Correlation ID: 1234
2019-04-03'T'12:06:50 - Error –Partners – Timeout – APPA - Correlation ID: 1234
2019-04-03'T'13:06:00 - Error –Partners – Timeout – APPA - Correlation ID: 1234
2019-04-03'T'15:06:00 - Error –Internal – Timeout – APPA - Correlation ID: 1235
2019-04-03'T'15:06:50 - Error –Partners – Timeout – APPA - Correlation ID: 1234
2019-04-03'T'17:06:00 - Error –Partners – Timeout – APPA - Correlation ID: 1236
2019-04-05'T'02:06:00 - Error –Partners – Timeout – APPC - Correlation ID: 1236
2019-04-05'T'12:06:00 - Warning –Partners – Timeout – APPA - Correlation ID: 1236
2019-04-05'T'12:06:04 - Error –Partners – Timeout – APPC - Correlation ID: 1232
2019-04-05'T'14:06:00 - Error –Iternal – Timeout – APPB - Correlation ID: 1231
2019-04-05'T'14:10:00 - Error –Partners – Timeout – APPA - Correlation ID: 1231
2019-04-05'T'15:06:00 - Error –Partners – Timeout – APPA - Correlation ID: 1232
2019-04-10'T'12:06:00 - Error –Internal – Timeout – APPD - Correlation ID: 1231
2019-04-10'T'12:08:00 - Error –Internal – Timeout – APPD - Correlation ID: 1232
2019-05-03'T'05:06:00 - Error –Partners – Timeout – APPD - Correlation ID: 1235
2019-05-10'T'21:06:00 - Error –Partners – Timeout – APPC - Correlation ID: 1277
2019-10-03'T'20:06:00 - Warning –Internal – Timeout – APPA - Correlation ID: 1212
2019-10-10'T'23:06:00 - Error –Partners – Timeout – APPE - Correlation ID: 1235
2019-10-13'T'10:06:00 - Warning –Partners – Timeout – APPE - Correlation ID: 1231
2019-10-13'T'12:55:20 - Error –Partners – Timeout – APPA - Correlation ID: 1234
2019-10-23'T'12:55:22 - Error –Internal – Timeout – APPA - Correlation ID: 1234
2019-12-28'T'12:22:05 - Error –Partners – Timeout – APPA - Correlation ID: 1246
2020-12-28'T'12:22:45 - Warning –Partners – Timeout – APPC - Correlation ID: 1264
2020-01-01'T'12:06:00 - Error –Partners – Timeout – APPC - Correlation ID: 1666
2020-01-02'T'12:06:00 - Warning –Partners – Timeout – APPC - Correlation ID: 1105
2020-12-03'T'12:06:00 - Warning –Partners – Timeout – APPC - Correlation ID: 5555
2020-12-04'T'12:06:00 - Warning –Partners – Timeout – APPC - Correlation ID: 6666
2020-12-05'T'12:06:00 - Warning –Internal – Timeout – APPC - Correlation ID: 1220
2020-12-05'T'12:15:00 - Warning –Partners – Timeout – APPC - Correlation ID: 1231
